<?xml version="1.0" encoding="UTF-8"?>
<testsuite name="sets.FiniteSetTest" tests="10" skipped="0" failures="0" errors="0" timestamp="2023-07-27T17:55:36" hostname="MacBook-Pro-164.local" time="0.002">
  <properties/>
  <testcase name="testEqualsSingleton" classname="sets.FiniteSetTest" time="0.001"/>
  <testcase name="testUnion" classname="sets.FiniteSetTest" time="0.0"/>
  <testcase name="testSize" classname="sets.FiniteSetTest" time="0.0"/>
  <testcase name="testCreationBasic" classname="sets.FiniteSetTest" time="0.0"/>
  <testcase name="testCreationNegative" classname="sets.FiniteSetTest" time="0.0"/>
  <testcase name="testCreationEmptySet" classname="sets.FiniteSetTest" time="0.0"/>
  <testcase name="testEqualsEmptySet" classname="sets.FiniteSetTest" time="0.0"/>
  <testcase name="testDifference" classname="sets.FiniteSetTest" time="0.0"/>
  <testcase name="testIntersection" classname="sets.FiniteSetTest" time="0.0"/>
  <testcase name="testEqualsComplexSet" classname="sets.FiniteSetTest" time="0.0"/>
  <system-out><![CDATA[]]></system-out>
  <system-err><![CDATA[]]></system-err>
</testsuite>
