<?xml version="1.0" encoding="UTF-8"?>
<testsuite name="pathfinder.scriptTestRunner.ScriptFileTests" tests="5" skipped="0" failures="0" errors="0" timestamp="2023-08-03T22:24:21" hostname="MacBook-Pro-164.local" time="0.011">
  <properties/>
  <testcase name="checkOutput[exampleDijkstraTest]" classname="pathfinder.scriptTestRunner.ScriptFileTests" time="0.007"/>
  <testcase name="checkOutput[unknownNode]" classname="pathfinder.scriptTestRunner.ScriptFileTests" time="0.001"/>
  <testcase name="checkOutput[noPath]" classname="pathfinder.scriptTestRunner.ScriptFileTests" time="0.001"/>
  <testcase name="checkOutput[sameCost]" classname="pathfinder.scriptTestRunner.ScriptFileTests" time="0.001"/>
  <testcase name="checkOutput[pathToSelf]" classname="pathfinder.scriptTestRunner.ScriptFileTests" time="0.001"/>
  <system-out><![CDATA[]]></system-out>
  <system-err><![CDATA[]]></system-err>
</testsuite>
