<?xml version="1.0" encoding="UTF-8"?>
<testsuite name="setup.HolaWorldTest" tests="3" skipped="0" failures="0" errors="0" timestamp="2023-06-30T00:25:46" hostname="MacBook-Pro-164.local" time="0.004">
  <properties/>
  <testcase name="testCrash" classname="setup.HolaWorldTest" time="0.002"/>
  <testcase name="testMainOutput" classname="setup.HolaWorldTest" time="0.002"/>
  <testcase name="testGreeting" classname="setup.HolaWorldTest" time="0.0"/>
  <system-out><![CDATA[Hello World!
Hola Mundo!
]]></system-out>
  <system-err><![CDATA[]]></system-err>
</testsuite>
