<?xml version="1.0" encoding="UTF-8"?>
<testsuite name="setup.FibonacciTest" tests="4" skipped="0" failures="0" errors="0" timestamp="2023-06-30T00:25:46" hostname="MacBook-Pro-164.local" time="0.003">
  <properties/>
  <testcase name="testThrowsIllegalArgumentException" classname="setup.FibonacciTest" time="0.0"/>
  <testcase name="testBaseCase" classname="setup.FibonacciTest" time="0.0"/>
  <testcase name="expectedIllegalArgumentException" classname="setup.FibonacciTest" time="0.003"/>
  <testcase name="testInductiveCase" classname="setup.FibonacciTest" time="0.0"/>
  <system-out><![CDATA[]]></system-out>
  <system-err><![CDATA[]]></system-err>
</testsuite>
