<?xml version="1.0" encoding="UTF-8"?>
<testsuite name="bases.NaturalTest" tests="10" skipped="0" failures="0" errors="0" timestamp="2023-07-13T16:04:46" hostname="MacBook-Pro-164.local" time="0.174">
  <properties/>
  <testcase name="testTimesOneDigit" classname="bases.NaturalTest" time="0.006"/>
  <testcase name="testLeftShift" classname="bases.NaturalTest" time="0.001"/>
  <testcase name="testTimes" classname="bases.NaturalTest" time="0.008"/>
  <testcase name="testPlus" classname="bases.NaturalTest" time="0.003"/>
  <testcase name="testLeadingDigit" classname="bases.NaturalTest" time="0.0"/>
  <testcase name="testToString" classname="bases.NaturalTest" time="0.0"/>
  <testcase name="testConstruction" classname="bases.NaturalTest" time="0.0"/>
  <testcase name="testPlusTopTwoLoops" classname="bases.NaturalTest" time="0.001"/>
  <testcase name="testGetDigits" classname="bases.NaturalTest" time="0.0"/>
  <testcase name="testToBase" classname="bases.NaturalTest" time="0.154"/>
  <system-out><![CDATA[]]></system-out>
  <system-err><![CDATA[]]></system-err>
</testsuite>
