<?xml version="1.0" encoding="UTF-8"?>
<testsuite name="pathfinder.junitTests.datastructures.TestPoint" tests="4" skipped="0" failures="0" errors="0" timestamp="2023-08-03T23:02:54" hostname="MacBook-Pro-164.local" time="0.001">
  <properties/>
  <testcase name="testHashcodeConsistent" classname="pathfinder.junitTests.datastructures.TestPoint" time="0.0"/>
  <testcase name="testRightCorrect" classname="pathfinder.junitTests.datastructures.TestPoint" time="0.0"/>
  <testcase name="testEquals" classname="pathfinder.junitTests.datastructures.TestPoint" time="0.0"/>
  <testcase name="testXCorrect" classname="pathfinder.junitTests.datastructures.TestPoint" time="0.0"/>
  <system-out><![CDATA[]]></system-out>
  <system-err><![CDATA[]]></system-err>
</testsuite>
