<?xml version="1.0" encoding="UTF-8"?>
<testsuite name="pathfinder.junitTests.textInterface.TestDirection" tests="6" skipped="0" failures="0" errors="0" timestamp="2023-08-03T23:02:54" hostname="MacBook-Pro-164.local" time="0.009">
  <properties/>
  <testcase name="testResolveDirectionDownRight" classname="pathfinder.junitTests.textInterface.TestDirection" time="0.001"/>
  <testcase name="testResolveDirectionBasic" classname="pathfinder.junitTests.textInterface.TestDirection" time="0.0"/>
  <testcase name="testResolveDirectionBasicOrigin" classname="pathfinder.junitTests.textInterface.TestDirection" time="0.0"/>
  <testcase name="testResolveDirectionNan" classname="pathfinder.junitTests.textInterface.TestDirection" time="0.007"/>
  <testcase name="testResolveDirectionDownLeft" classname="pathfinder.junitTests.textInterface.TestDirection" time="0.0"/>
  <testcase name="testResolveDirectionUpLeft" classname="pathfinder.junitTests.textInterface.TestDirection" time="0.0"/>
  <system-out><![CDATA[]]></system-out>
  <system-err><![CDATA[]]></system-err>
</testsuite>
