<?xml version="1.0" encoding="UTF-8"?>
<testsuite name="tasks.DependencyTest" tests="4" skipped="0" failures="0" errors="0" timestamp="2023-08-04T17:43:50" hostname="MacBook-Pro-164.home" time="0.004">
  <properties/>
  <testcase name="testCreationCorrect" classname="tasks.DependencyTest" time="0.0"/>
  <testcase name="testToString" classname="tasks.DependencyTest" time="0.004"/>
  <testcase name="testCreationSecondArgNull" classname="tasks.DependencyTest" time="0.0"/>
  <testcase name="testCreationFirstArgNull" classname="tasks.DependencyTest" time="0.0"/>
  <system-out><![CDATA[]]></system-out>
  <system-err><![CDATA[]]></system-err>
</testsuite>
