<?xml version="1.0" encoding="UTF-8"?>
<testsuite name="tasks.TaskSorterTest" tests="4" skipped="0" failures="0" errors="0" timestamp="2023-08-04T17:43:50" hostname="MacBook-Pro-164.home" time="0.007">
  <properties/>
  <testcase name="testCreation" classname="tasks.TaskSorterTest" time="0.0"/>
  <testcase name="testTasks" classname="tasks.TaskSorterTest" time="0.001"/>
  <testcase name="testSortTasks" classname="tasks.TaskSorterTest" time="0.005"/>
  <testcase name="testDependencies" classname="tasks.TaskSorterTest" time="0.001"/>
  <system-out><![CDATA[]]></system-out>
  <system-err><![CDATA[]]></system-err>
</testsuite>
