<?xml version="1.0" encoding="UTF-8"?>
<testsuite name="graph.junitTests.JunitTest" tests="4" skipped="0" failures="0" errors="0" timestamp="2023-08-02T21:36:51" hostname="MacBook-Pro-164.local" time="0.001">
  <properties/>
  <testcase name="getEdge" classname="graph.junitTests.JunitTest" time="0.0"/>
  <testcase name="getName" classname="graph.junitTests.JunitTest" time="0.001"/>
  <testcase name="testHashCode" classname="graph.junitTests.JunitTest" time="0.0"/>
  <testcase name="testEquals" classname="graph.junitTests.JunitTest" time="0.0"/>
  <system-out><![CDATA[]]></system-out>
  <system-err><![CDATA[]]></system-err>
</testsuite>
