<?xml version="1.0" encoding="UTF-8"?>
<testsuite name="graph.scriptTestRunner.ScriptFileTests" tests="10" skipped="0" failures="0" errors="0" timestamp="2023-08-02T21:36:51" hostname="MacBook-Pro-164.local" time="0.025">
  <properties/>
  <testcase name="checkOutput[TwoEdgesAdded]" classname="graph.scriptTestRunner.ScriptFileTests" time="0.014"/>
  <testcase name="checkOutput[noNodes]" classname="graph.scriptTestRunner.ScriptFileTests" time="0.001"/>
  <testcase name="checkOutput[exampleTest2]" classname="graph.scriptTestRunner.ScriptFileTests" time="0.002"/>
  <testcase name="checkOutput[OneToMany]" classname="graph.scriptTestRunner.ScriptFileTests" time="0.002"/>
  <testcase name="checkOutput[noEdges]" classname="graph.scriptTestRunner.ScriptFileTests" time="0.001"/>
  <testcase name="checkOutput[OneNodeAdded]" classname="graph.scriptTestRunner.ScriptFileTests" time="0.001"/>
  <testcase name="checkOutput[TwoNodesAdded]" classname="graph.scriptTestRunner.ScriptFileTests" time="0.001"/>
  <testcase name="checkOutput[selfEdge]" classname="graph.scriptTestRunner.ScriptFileTests" time="0.001"/>
  <testcase name="checkOutput[exampleTest1]" classname="graph.scriptTestRunner.ScriptFileTests" time="0.001"/>
  <testcase name="checkOutput[OneEdgeAdded]" classname="graph.scriptTestRunner.ScriptFileTests" time="0.001"/>
  <system-out><![CDATA[]]></system-out>
  <system-err><![CDATA[]]></system-err>
</testsuite>
